<?xml version="1.0" encoding="UTF-8"?>
<!-- Generated by org.testng.reporters.JUnitReportReporter -->
<testsuite skipped="0" hostname="Riyaz" name="com.qa.images.BrokenImages" tests="1" failures="0" timestamp="15 Sep 2020 17:47:44 GMT" time="204.105" errors="0">
  <testcase name="imagesTest" time="204.105" classname="com.qa.images.BrokenImages"/>
</testsuite> <!-- com.qa.images.BrokenImages -->
