<?xml version="1.0" encoding="UTF-8"?>
<!-- Generated by org.testng.reporters.JUnitReportReporter -->
<testsuite skipped="0" hostname="Riyaz" name="com.QA.BrokenLinks.VerifyingBrokenLinks" tests="1" failures="0" timestamp="29 Aug 2020 14:00:19 GMT" time="114.811" errors="0">
  <testcase name="LoginTest" time="114.811" classname="com.QA.BrokenLinks.VerifyingBrokenLinks"/>
</testsuite> <!-- com.QA.BrokenLinks.VerifyingBrokenLinks -->
