<?xml version="1.0" encoding="UTF-8"?>
<!-- Generated by org.testng.reporters.JUnitReportReporter -->
<testsuite skipped="0" hostname="Riyaz" name="com.QA.images.BrokenImages" tests="1" failures="0" timestamp="30 Aug 2020 07:01:43 GMT" time="133.834" errors="0">
  <testcase name="imagesTest" time="133.834" classname="com.QA.images.BrokenImages"/>
</testsuite> <!-- com.QA.images.BrokenImages -->
