<?xml version="1.0" encoding="UTF-8"?>
<!-- Generated by org.testng.reporters.JUnitReportReporter -->
<testsuite skipped="0" hostname="Riyaz" name="com.QA.BrokenLinks.VerifyingBrokenLinks" tests="1" failures="0" timestamp="30 Aug 2020 07:01:43 GMT" time="266.826" errors="0">
  <testcase name="LoginTest" time="266.826" classname="com.QA.BrokenLinks.VerifyingBrokenLinks"/>
</testsuite> <!-- com.QA.BrokenLinks.VerifyingBrokenLinks -->
