<?xml version="1.0" encoding="UTF-8"?>
<!-- Generated by org.testng.reporters.JUnitReportReporter -->
<testsuite skipped="0" hostname="Riyaz" name="com.qa.Brokenlinks.VerifyingBrokenLinks" tests="1" failures="0" timestamp="15 Sep 2020 17:47:44 GMT" time="265.099" errors="0">
  <testcase name="LoginTest" time="265.099" classname="com.qa.Brokenlinks.VerifyingBrokenLinks"/>
</testsuite> <!-- com.qa.Brokenlinks.VerifyingBrokenLinks -->
